feature/home/build/intermediates/manifest_merge_blame_file/debug/processDebugManifest/manifest-merger-blame-debug-report.txt
1<?xml version="1.0" encoding="utf-8"?>
2<manifest xmlns:android="http://schemas.android.com/apk/res/android"
3    package="com.avozdedeus.avozdedeusjpc.home" >
4
5    <uses-sdk android:minSdkVersion="30" />
6
7    <application>
7-->src\main\AndroidManifest.xml:2:5-13:19
8        <activity
8-->src\main\AndroidManifest.xml:3:9-12:20
9            android:name="com.avozdedeus.avozdedeusjpc.home.MainActivity"
9-->src\main\AndroidManifest.xml:4:13-74
10            android:exported="true"
10-->src\main\AndroidManifest.xml:5:13-36
11            android:label="@string/app_name"
11-->src\main\AndroidManifest.xml:6:13-45
12            android:theme="@style/Theme.AVozDeDeusJPC" >
12-->src\main\AndroidManifest.xml:7:13-55
13            <intent-filter>
13-->src\main\AndroidManifest.xml:8:13-11:29
14                <action android:name="android.intent.action.MAIN" />
14-->src\main\AndroidManifest.xml:9:17-69
14-->src\main\AndroidManifest.xml:9:25-66
15
16                <category android:name="android.intent.category.LAUNCHER" />
16-->src\main\AndroidManifest.xml:10:17-77
16-->src\main\AndroidManifest.xml:10:27-74
17            </intent-filter>
18        </activity>
19    </application>
20
21</manifest>